TI ARM Assembler Unix v16.9.1 Wed Jun 14 11:55:04 2017

Tools Copyright (c) 1996-2015 Texas Instruments Incorporated
tm4c123gh6pm_startup_ccs.asm                                         PAGE    1

       1                    ;******************************************************************************
       2                    ;* TI ARM C/C++ Codegen                                      Unix v16.9.1.LTS *
       3                    ;* Date/Time created: Wed Jun 14 11:55:04 2017                                *
       4                    ;******************************************************************************
       5                            .compiler_opts --abi=eabi --arm_vmrs_si_workaround=off --code_state=16 --diag_wrap=off --embed
       6 00000000                   .thumb
       7                    
       8                    $C$DW$CU        .dwtag  DW_TAG_compile_unit
       9                            .dwattr $C$DW$CU, DW_AT_name("../tm4c123gh6pm_startup_ccs.c")
      10                            .dwattr $C$DW$CU, DW_AT_producer("TI TI ARM C/C++ Codegen Unix v16.9.1.LTS Copyright (c) 1996-
      11                            .dwattr $C$DW$CU, DW_AT_TI_version(0x01)
      12                            .dwattr $C$DW$CU, DW_AT_comp_dir("/Users/Albader/Documents/T14/lab1OnBoard/Debug")
      13                    $C$DW$1 .dwtag  DW_TAG_variable
      14                            .dwattr $C$DW$1, DW_AT_name("__STACK_TOP")
      15                            .dwattr $C$DW$1, DW_AT_TI_symbol_name("__STACK_TOP")
      16                            .dwattr $C$DW$1, DW_AT_type(*$C$DW$T$37)
      17                            .dwattr $C$DW$1, DW_AT_declaration
      18                            .dwattr $C$DW$1, DW_AT_external
      19                            .dwattr $C$DW$1, DW_AT_decl_file("../tm4c123gh6pm_startup_ccs.c")
      20                            .dwattr $C$DW$1, DW_AT_decl_line(0x32)
      21                            .dwattr $C$DW$1, DW_AT_decl_column(0x11)
      22                    
      23                            .global g_pfnVectors
      24 00000000                   .sect   ".intvecs"
      25                            .align  4
      26                            .elfsym g_pfnVectors,SYM_SIZE(620)
      27 00000000           g_pfnVectors:
      28 00000000 00000000!         .bits   __STACK_TOP,32          ; g_pfnVectors[0] @ 0
      29 00000004 00000000!         .bits   ResetISR,32             ; g_pfnVectors[1] @ 32
      30 00000008 00000000!         .bits   NmiSR,32                ; g_pfnVectors[2] @ 64
      31 0000000c 00000000!         .bits   FaultISR,32             ; g_pfnVectors[3] @ 96
      32 00000010 00000000!         .bits   IntDefaultHandler,32            ; g_pfnVectors[4] @ 128
      33 00000014 00000000!         .bits   IntDefaultHandler,32            ; g_pfnVectors[5] @ 160
      34 00000018 00000000!         .bits   IntDefaultHandler,32            ; g_pfnVectors[6] @ 192
      35 0000001c 00000000          .bits   0,32                    ; g_pfnVectors[7] @ 224
      36 00000020 00000000          .bits   0,32                    ; g_pfnVectors[8] @ 256
      37 00000024 00000000          .bits   0,32                    ; g_pfnVectors[9] @ 288
      38 00000028 00000000          .bits   0,32                    ; g_pfnVectors[10] @ 320
      39 0000002c 00000000!         .bits   IntDefaultHandler,32            ; g_pfnVectors[11] @ 352
      40 00000030 00000000!         .bits   IntDefaultHandler,32            ; g_pfnVectors[12] @ 384
      41 00000034 00000000          .bits   0,32                    ; g_pfnVectors[13] @ 416
      42 00000038 00000000!         .bits   IntDefaultHandler,32            ; g_pfnVectors[14] @ 448
      43 0000003c 00000000!         .bits   IntDefaultHandler,32            ; g_pfnVectors[15] @ 480
      44 00000040 00000000!         .bits   IntDefaultHandler,32            ; g_pfnVectors[16] @ 512
      45 00000044 00000000!         .bits   IntDefaultHandler,32            ; g_pfnVectors[17] @ 544
      46 00000048 00000000!         .bits   IntDefaultHandler,32            ; g_pfnVectors[18] @ 576
      47 0000004c 00000000!         .bits   IntDefaultHandler,32            ; g_pfnVectors[19] @ 608
      48 00000050 00000000!         .bits   IntDefaultHandler,32            ; g_pfnVectors[20] @ 640
      49 00000054 00000000!         .bits   IntDefaultHandler,32            ; g_pfnVectors[21] @ 672
      50 00000058 00000000!         .bits   IntDefaultHandler,32            ; g_pfnVectors[22] @ 704
      51 0000005c 00000000!         .bits   IntDefaultHandler,32            ; g_pfnVectors[23] @ 736
      52 00000060 00000000!         .bits   IntDefaultHandler,32            ; g_pfnVectors[24] @ 768
      53 00000064 00000000!         .bits   IntDefaultHandler,32            ; g_pfnVectors[25] @ 800
      54 00000068 00000000!         .bits   IntDefaultHandler,32            ; g_pfnVectors[26] @ 832
      55 0000006c 00000000!         .bits   IntDefaultHandler,32            ; g_pfnVectors[27] @ 864
TI ARM Assembler Unix v16.9.1 Wed Jun 14 11:55:04 2017

Tools Copyright (c) 1996-2015 Texas Instruments Incorporated
tm4c123gh6pm_startup_ccs.asm                                         PAGE    2

      56 00000070 00000000!         .bits   IntDefaultHandler,32            ; g_pfnVectors[28] @ 896
      57 00000074 00000000!         .bits   IntDefaultHandler,32            ; g_pfnVectors[29] @ 928
      58 00000078 00000000!         .bits   IntDefaultHandler,32            ; g_pfnVectors[30] @ 960
      59 0000007c 00000000!         .bits   IntDefaultHandler,32            ; g_pfnVectors[31] @ 992
      60 00000080 00000000!         .bits   IntDefaultHandler,32            ; g_pfnVectors[32] @ 1024
      61 00000084 00000000!         .bits   IntDefaultHandler,32            ; g_pfnVectors[33] @ 1056
      62 00000088 00000000!         .bits   IntDefaultHandler,32            ; g_pfnVectors[34] @ 1088
      63 0000008c 00000000!         .bits   IntDefaultHandler,32            ; g_pfnVectors[35] @ 1120
      64 00000090 00000000!         .bits   IntDefaultHandler,32            ; g_pfnVectors[36] @ 1152
      65 00000094 00000000!         .bits   IntDefaultHandler,32            ; g_pfnVectors[37] @ 1184
      66 00000098 00000000!         .bits   IntDefaultHandler,32            ; g_pfnVectors[38] @ 1216
      67 0000009c 00000000!         .bits   IntDefaultHandler,32            ; g_pfnVectors[39] @ 1248
      68 000000a0 00000000!         .bits   IntDefaultHandler,32            ; g_pfnVectors[40] @ 1280
      69 000000a4 00000000!         .bits   IntDefaultHandler,32            ; g_pfnVectors[41] @ 1312
      70 000000a8 00000000!         .bits   IntDefaultHandler,32            ; g_pfnVectors[42] @ 1344
      71 000000ac 00000000!         .bits   IntDefaultHandler,32            ; g_pfnVectors[43] @ 1376
      72 000000b0 00000000!         .bits   IntDefaultHandler,32            ; g_pfnVectors[44] @ 1408
      73 000000b4 00000000!         .bits   IntDefaultHandler,32            ; g_pfnVectors[45] @ 1440
      74 000000b8 00000000!         .bits   IntDefaultHandler,32            ; g_pfnVectors[46] @ 1472
      75 000000bc 00000000!         .bits   IntDefaultHandler,32            ; g_pfnVectors[47] @ 1504
      76 000000c0 00000000!         .bits   IntDefaultHandler,32            ; g_pfnVectors[48] @ 1536
      77 000000c4 00000000!         .bits   IntDefaultHandler,32            ; g_pfnVectors[49] @ 1568
      78 000000c8 00000000!         .bits   IntDefaultHandler,32            ; g_pfnVectors[50] @ 1600
      79 000000cc 00000000!         .bits   IntDefaultHandler,32            ; g_pfnVectors[51] @ 1632
      80 000000d0 00000000!         .bits   IntDefaultHandler,32            ; g_pfnVectors[52] @ 1664
      81 000000d4 00000000!         .bits   IntDefaultHandler,32            ; g_pfnVectors[53] @ 1696
      82 000000d8 00000000!         .bits   IntDefaultHandler,32            ; g_pfnVectors[54] @ 1728
      83 000000dc 00000000!         .bits   IntDefaultHandler,32            ; g_pfnVectors[55] @ 1760
      84 000000e0 00000000!         .bits   IntDefaultHandler,32            ; g_pfnVectors[56] @ 1792
      85 000000e4 00000000          .bits   0,32                    ; g_pfnVectors[57] @ 1824
      86 000000e8 00000000          .bits   0,32                    ; g_pfnVectors[58] @ 1856
      87 000000ec 00000000!         .bits   IntDefaultHandler,32            ; g_pfnVectors[59] @ 1888
      88 000000f0 00000000!         .bits   IntDefaultHandler,32            ; g_pfnVectors[60] @ 1920
      89 000000f4 00000000!         .bits   IntDefaultHandler,32            ; g_pfnVectors[61] @ 1952
      90 000000f8 00000000!         .bits   IntDefaultHandler,32            ; g_pfnVectors[62] @ 1984
      91 000000fc 00000000!         .bits   IntDefaultHandler,32            ; g_pfnVectors[63] @ 2016
      92 00000100 00000000!         .bits   IntDefaultHandler,32            ; g_pfnVectors[64] @ 2048
      93 00000104 00000000!         .bits   IntDefaultHandler,32            ; g_pfnVectors[65] @ 2080
      94 00000108 00000000!         .bits   IntDefaultHandler,32            ; g_pfnVectors[66] @ 2112
      95 0000010c 00000000!         .bits   IntDefaultHandler,32            ; g_pfnVectors[67] @ 2144
      96 00000110 00000000          .bits   0,32                    ; g_pfnVectors[68] @ 2176
      97 00000114 00000000          .bits   0,32                    ; g_pfnVectors[69] @ 2208
      98 00000118 00000000!         .bits   IntDefaultHandler,32            ; g_pfnVectors[70] @ 2240
      99 0000011c 00000000!         .bits   IntDefaultHandler,32            ; g_pfnVectors[71] @ 2272
     100 00000120 00000000!         .bits   IntDefaultHandler,32            ; g_pfnVectors[72] @ 2304
     101 00000124 00000000!         .bits   IntDefaultHandler,32            ; g_pfnVectors[73] @ 2336
     102 00000128 00000000!         .bits   IntDefaultHandler,32            ; g_pfnVectors[74] @ 2368
     103 0000012c 00000000!         .bits   IntDefaultHandler,32            ; g_pfnVectors[75] @ 2400
     104 00000130 00000000!         .bits   IntDefaultHandler,32            ; g_pfnVectors[76] @ 2432
     105 00000134 00000000!         .bits   IntDefaultHandler,32            ; g_pfnVectors[77] @ 2464
     106 00000138 00000000!         .bits   IntDefaultHandler,32            ; g_pfnVectors[78] @ 2496
     107 0000013c 00000000!         .bits   IntDefaultHandler,32            ; g_pfnVectors[79] @ 2528
     108 00000140 00000000          .bits   0,32                    ; g_pfnVectors[80] @ 2560
     109 00000144 00000000          .bits   0,32                    ; g_pfnVectors[81] @ 2592
     110 00000148 00000000          .bits   0,32                    ; g_pfnVectors[82] @ 2624
TI ARM Assembler Unix v16.9.1 Wed Jun 14 11:55:04 2017

Tools Copyright (c) 1996-2015 Texas Instruments Incorporated
tm4c123gh6pm_startup_ccs.asm                                         PAGE    3

     111 0000014c 00000000          .bits   0,32                    ; g_pfnVectors[83] @ 2656
     112 00000150 00000000!         .bits   IntDefaultHandler,32            ; g_pfnVectors[84] @ 2688
     113 00000154 00000000!         .bits   IntDefaultHandler,32            ; g_pfnVectors[85] @ 2720
     114 00000158 00000000!         .bits   IntDefaultHandler,32            ; g_pfnVectors[86] @ 2752
     115 0000015c 00000000!         .bits   IntDefaultHandler,32            ; g_pfnVectors[87] @ 2784
     116 00000160 00000000          .bits   0,32                    ; g_pfnVectors[88] @ 2816
     117 00000164 00000000          .bits   0,32                    ; g_pfnVectors[89] @ 2848
     118 00000168 00000000          .bits   0,32                    ; g_pfnVectors[90] @ 2880
     119 0000016c 00000000          .bits   0,32                    ; g_pfnVectors[91] @ 2912
     120 00000170 00000000          .bits   0,32                    ; g_pfnVectors[92] @ 2944
     121 00000174 00000000          .bits   0,32                    ; g_pfnVectors[93] @ 2976
     122 00000178 00000000          .bits   0,32                    ; g_pfnVectors[94] @ 3008
     123 0000017c 00000000          .bits   0,32                    ; g_pfnVectors[95] @ 3040
     124 00000180 00000000          .bits   0,32                    ; g_pfnVectors[96] @ 3072
     125 00000184 00000000          .bits   0,32                    ; g_pfnVectors[97] @ 3104
     126 00000188 00000000          .bits   0,32                    ; g_pfnVectors[98] @ 3136
     127 0000018c 00000000          .bits   0,32                    ; g_pfnVectors[99] @ 3168
     128 00000190 00000000          .bits   0,32                    ; g_pfnVectors[100] @ 3200
     129 00000194 00000000          .bits   0,32                    ; g_pfnVectors[101] @ 3232
     130 00000198 00000000          .bits   0,32                    ; g_pfnVectors[102] @ 3264
     131 0000019c 00000000          .bits   0,32                    ; g_pfnVectors[103] @ 3296
     132 000001a0 00000000          .bits   0,32                    ; g_pfnVectors[104] @ 3328
     133 000001a4 00000000          .bits   0,32                    ; g_pfnVectors[105] @ 3360
     134 000001a8 00000000          .bits   0,32                    ; g_pfnVectors[106] @ 3392
     135 000001ac 00000000          .bits   0,32                    ; g_pfnVectors[107] @ 3424
     136 000001b0 00000000!         .bits   IntDefaultHandler,32            ; g_pfnVectors[108] @ 3456
     137 000001b4 00000000!         .bits   IntDefaultHandler,32            ; g_pfnVectors[109] @ 3488
     138 000001b8 00000000!         .bits   IntDefaultHandler,32            ; g_pfnVectors[110] @ 3520
     139 000001bc 00000000!         .bits   IntDefaultHandler,32            ; g_pfnVectors[111] @ 3552
     140 000001c0 00000000!         .bits   IntDefaultHandler,32            ; g_pfnVectors[112] @ 3584
     141 000001c4 00000000!         .bits   IntDefaultHandler,32            ; g_pfnVectors[113] @ 3616
     142 000001c8 00000000!         .bits   IntDefaultHandler,32            ; g_pfnVectors[114] @ 3648
     143 000001cc 00000000!         .bits   IntDefaultHandler,32            ; g_pfnVectors[115] @ 3680
     144 000001d0 00000000!         .bits   IntDefaultHandler,32            ; g_pfnVectors[116] @ 3712
     145 000001d4 00000000!         .bits   IntDefaultHandler,32            ; g_pfnVectors[117] @ 3744
     146 000001d8 00000000!         .bits   IntDefaultHandler,32            ; g_pfnVectors[118] @ 3776
     147 000001dc 00000000!         .bits   IntDefaultHandler,32            ; g_pfnVectors[119] @ 3808
     148 000001e0 00000000!         .bits   IntDefaultHandler,32            ; g_pfnVectors[120] @ 3840
     149 000001e4 00000000!         .bits   IntDefaultHandler,32            ; g_pfnVectors[121] @ 3872
     150 000001e8 00000000!         .bits   IntDefaultHandler,32            ; g_pfnVectors[122] @ 3904
     151 000001ec 00000000          .bits   0,32                    ; g_pfnVectors[123] @ 3936
     152 000001f0 00000000          .bits   0,32                    ; g_pfnVectors[124] @ 3968
     153 000001f4 00000000!         .bits   IntDefaultHandler,32            ; g_pfnVectors[125] @ 4000
     154 000001f8 00000000!         .bits   IntDefaultHandler,32            ; g_pfnVectors[126] @ 4032
     155 000001fc 00000000!         .bits   IntDefaultHandler,32            ; g_pfnVectors[127] @ 4064
     156 00000200 00000000!         .bits   IntDefaultHandler,32            ; g_pfnVectors[128] @ 4096
     157 00000204 00000000!         .bits   IntDefaultHandler,32            ; g_pfnVectors[129] @ 4128
     158 00000208 00000000          .bits   0,32                    ; g_pfnVectors[130] @ 4160
     159 0000020c 00000000          .bits   0,32                    ; g_pfnVectors[131] @ 4192
     160 00000210 00000000!         .bits   IntDefaultHandler,32            ; g_pfnVectors[132] @ 4224
     161 00000214 00000000!         .bits   IntDefaultHandler,32            ; g_pfnVectors[133] @ 4256
     162 00000218 00000000!         .bits   IntDefaultHandler,32            ; g_pfnVectors[134] @ 4288
     163 0000021c 00000000!         .bits   IntDefaultHandler,32            ; g_pfnVectors[135] @ 4320
     164 00000220 00000000!         .bits   IntDefaultHandler,32            ; g_pfnVectors[136] @ 4352
     165 00000224 00000000!         .bits   IntDefaultHandler,32            ; g_pfnVectors[137] @ 4384
TI ARM Assembler Unix v16.9.1 Wed Jun 14 11:55:04 2017

Tools Copyright (c) 1996-2015 Texas Instruments Incorporated
tm4c123gh6pm_startup_ccs.asm                                         PAGE    4

     166 00000228 00000000!         .bits   IntDefaultHandler,32            ; g_pfnVectors[138] @ 4416
     167 0000022c 00000000!         .bits   IntDefaultHandler,32            ; g_pfnVectors[139] @ 4448
     168 00000230 00000000!         .bits   IntDefaultHandler,32            ; g_pfnVectors[140] @ 4480
     169 00000234 00000000!         .bits   IntDefaultHandler,32            ; g_pfnVectors[141] @ 4512
     170 00000238 00000000!         .bits   IntDefaultHandler,32            ; g_pfnVectors[142] @ 4544
     171 0000023c 00000000!         .bits   IntDefaultHandler,32            ; g_pfnVectors[143] @ 4576
     172 00000240 00000000!         .bits   IntDefaultHandler,32            ; g_pfnVectors[144] @ 4608
     173 00000244 00000000!         .bits   IntDefaultHandler,32            ; g_pfnVectors[145] @ 4640
     174 00000248 00000000!         .bits   IntDefaultHandler,32            ; g_pfnVectors[146] @ 4672
     175 0000024c 00000000!         .bits   IntDefaultHandler,32            ; g_pfnVectors[147] @ 4704
     176 00000250 00000000!         .bits   IntDefaultHandler,32            ; g_pfnVectors[148] @ 4736
     177 00000254 00000000!         .bits   IntDefaultHandler,32            ; g_pfnVectors[149] @ 4768
     178 00000258 00000000!         .bits   IntDefaultHandler,32            ; g_pfnVectors[150] @ 4800
     179 0000025c 00000000!         .bits   IntDefaultHandler,32            ; g_pfnVectors[151] @ 4832
     180 00000260 00000000!         .bits   IntDefaultHandler,32            ; g_pfnVectors[152] @ 4864
     181 00000264 00000000!         .bits   IntDefaultHandler,32            ; g_pfnVectors[153] @ 4896
     182 00000268 00000000!         .bits   IntDefaultHandler,32            ; g_pfnVectors[154] @ 4928
     183                    
     184                    $C$DW$2 .dwtag  DW_TAG_variable
     185                            .dwattr $C$DW$2, DW_AT_name("g_pfnVectors")
     186                            .dwattr $C$DW$2, DW_AT_TI_symbol_name("g_pfnVectors")
     187                            .dwattr $C$DW$2, DW_AT_location[DW_OP_addr g_pfnVectors]
     188                            .dwattr $C$DW$2, DW_AT_type(*$C$DW$T$22)
     189                            .dwattr $C$DW$2, DW_AT_external
     190                            .dwattr $C$DW$2, DW_AT_decl_file("../tm4c123gh6pm_startup_ccs.c")
     191                            .dwattr $C$DW$2, DW_AT_decl_line(0x43)
     192                            .dwattr $C$DW$2, DW_AT_decl_column(0x0f)
     193                    
     194                    ;       /Applications/ti/ccsv7/tools/compiler/ti-cgt-arm_16.9.1.LTS/bin/armacpia -@/var/tmp/88256Qys4T
     195 00000000                   .sect   ".text"
     196                            .clink
     197                            .thumbfunc ResetISR
     198 00000000                   .thumb
     199                            .global ResetISR
     200                    
     201                    $C$DW$3 .dwtag  DW_TAG_subprogram
     202                            .dwattr $C$DW$3, DW_AT_name("ResetISR")
     203                            .dwattr $C$DW$3, DW_AT_low_pc(ResetISR)
     204                            .dwattr $C$DW$3, DW_AT_high_pc(0x00)
     205                            .dwattr $C$DW$3, DW_AT_TI_symbol_name("ResetISR")
     206                            .dwattr $C$DW$3, DW_AT_external
     207                            .dwattr $C$DW$3, DW_AT_TI_begin_file("../tm4c123gh6pm_startup_ccs.c")
     208                            .dwattr $C$DW$3, DW_AT_TI_begin_line(0xee)
     209                            .dwattr $C$DW$3, DW_AT_TI_begin_column(0x01)
     210                            .dwattr $C$DW$3, DW_AT_decl_file("../tm4c123gh6pm_startup_ccs.c")
     211                            .dwattr $C$DW$3, DW_AT_decl_line(0xee)
     212                            .dwattr $C$DW$3, DW_AT_decl_column(0x01)
     213                            .dwattr $C$DW$3, DW_AT_TI_max_frame_size(0x00)
     214                            .dwpsn  file "../tm4c123gh6pm_startup_ccs.c",line 239,column 1,is_stmt,address ResetISR,isa 1
     215                    
     216                            .dwfde $C$DW$CIE, ResetISR
     217                    ;----------------------------------------------------------------------
     218                    ; 238 | ResetISR(void)                                                         
     219                    ; 240 | //                                                                     
     220                    ; 241 | // Jump to the CCS C initialization routine.  This will enable the     
TI ARM Assembler Unix v16.9.1 Wed Jun 14 11:55:04 2017

Tools Copyright (c) 1996-2015 Texas Instruments Incorporated
tm4c123gh6pm_startup_ccs.asm                                         PAGE    5

     221                    ; 242 | // floating-point unit as well, so that does not need to be done here. 
     222                    ; 243 | //                                                                     
     223                    ;----------------------------------------------------------------------
     224                    
     225                    ;*****************************************************************************
     226                    ;* FUNCTION NAME: ResetISR                                                   *
     227                    ;*                                                                           *
     228                    ;*   Regs Modified     :                                                     *
     229                    ;*   Regs Used         : LR                                                  *
     230                    ;*   Local Frame Size  : 0 Args + 0 Auto + 0 Save = 0 byte                   *
     231                    ;*****************************************************************************
     232 00000000           ResetISR:
     233                    ;* --------------------------------------------------------------------------*
     234                            .dwcfi  cfa_offset, 0
     235                            .dwpsn  file "../tm4c123gh6pm_startup_ccs.c",line 244,column 5,is_stmt,isa 1
     236                    ;----------------------------------------------------------------------
     237                    ; 244 | __asm("    .global _c_int00\n"                                         
     238                    ; 245 |       "    b.w     _c_int00");                                         
     239                    ;----------------------------------------------------------------------
     240                        .global _c_int00
     241 00000000 BFFEF7FF!     b.w     _c_int00 ; [KEEP 32-BIT INS]
     242                            .dwpsn  file "../tm4c123gh6pm_startup_ccs.c",line 246,column 1,is_stmt,isa 1
     243                    $C$DW$4 .dwtag  DW_TAG_TI_branch
     244                            .dwattr $C$DW$4, DW_AT_low_pc(0x00)
     245                            .dwattr $C$DW$4, DW_AT_TI_return
     246                    
     247 00000004 4770              BX        LR                    ; [DPU_3_PIPE]  ; [ORIG 16-BIT INS]
     248                            ; BRANCH OCCURS                  ; [] 
     249                            .dwattr $C$DW$3, DW_AT_TI_end_file("../tm4c123gh6pm_startup_ccs.c")
     250                            .dwattr $C$DW$3, DW_AT_TI_end_line(0xf6)
     251                            .dwattr $C$DW$3, DW_AT_TI_end_column(0x01)
     252                            .dwendentry
     253                            .dwendtag $C$DW$3
     254                    
     255 00000006                   .sect   ".text"
     256                            .clink
     257                            .thumbfunc NmiSR
     258 00000006                   .thumb
     259                    
     260                    $C$DW$5 .dwtag  DW_TAG_subprogram
     261                            .dwattr $C$DW$5, DW_AT_name("NmiSR")
     262                            .dwattr $C$DW$5, DW_AT_low_pc(NmiSR)
     263                            .dwattr $C$DW$5, DW_AT_high_pc(0x00)
     264                            .dwattr $C$DW$5, DW_AT_TI_symbol_name("NmiSR")
     265                            .dwattr $C$DW$5, DW_AT_TI_begin_file("../tm4c123gh6pm_startup_ccs.c")
     266                            .dwattr $C$DW$5, DW_AT_TI_begin_line(0x100)
     267                            .dwattr $C$DW$5, DW_AT_TI_begin_column(0x01)
     268                            .dwattr $C$DW$5, DW_AT_decl_file("../tm4c123gh6pm_startup_ccs.c")
     269                            .dwattr $C$DW$5, DW_AT_decl_line(0x100)
     270                            .dwattr $C$DW$5, DW_AT_decl_column(0x01)
     271                            .dwattr $C$DW$5, DW_AT_TI_max_frame_size(0x00)
     272                            .dwpsn  file "../tm4c123gh6pm_startup_ccs.c",line 257,column 1,is_stmt,address NmiSR,isa 1
     273                    
     274                            .dwfde $C$DW$CIE, NmiSR
     275                    ;----------------------------------------------------------------------
TI ARM Assembler Unix v16.9.1 Wed Jun 14 11:55:04 2017

Tools Copyright (c) 1996-2015 Texas Instruments Incorporated
tm4c123gh6pm_startup_ccs.asm                                         PAGE    6

     276                    ; 256 | NmiSR(void)                                                            
     277                    ; 258 | //                                                                     
     278                    ; 259 | // Enter an infinite loop.                                             
     279                    ; 260 | //                                                                     
     280                    ;----------------------------------------------------------------------
     281                    
     282                    ;*****************************************************************************
     283                    ;* FUNCTION NAME: NmiSR                                                      *
     284                    ;*                                                                           *
     285                    ;*   Regs Modified     :                                                     *
     286                    ;*   Regs Used         : LR                                                  *
     287                    ;*   Local Frame Size  : 0 Args + 0 Auto + 0 Save = 0 byte                   *
     288                    ;*****************************************************************************
     289 00000006           NmiSR:
     290                    ;* --------------------------------------------------------------------------*
     291                            .dwcfi  cfa_offset, 0
     292                            .dwpsn  file "../tm4c123gh6pm_startup_ccs.c",line 261,column 11,is_stmt,isa 1
     293                    ;----------------------------------------------------------------------
     294                    ; 261 | while(1)                                                               
     295                    ;----------------------------------------------------------------------
     296                    ;* --------------------------------------------------------------------------*
     297                    ;*   BEGIN LOOP ||$C$L1||
     298                    ;*
     299                    ;*   Loop source line                : 261
     300                    ;*   Loop closing brace source line  : 263
     301                    ;*   Known Minimum Trip Count        : 1
     302                    ;*   Known Maximum Trip Count        : 4294967295
     303                    ;*   Known Max Trip Count Factor     : 1
     304                    ;* --------------------------------------------------------------------------*
     305 00000006           ||$C$L1||:    
     306 00000006 E7FE              B         ||$C$L1||             ; [DPU_3_PIPE] |261|  ; [ORIG 16-BIT INS]
     307                            ; BRANCH OCCURS {||$C$L1||}      ; [] |261| 
     308                    ;* --------------------------------------------------------------------------*
     309                            .dwattr $C$DW$5, DW_AT_TI_end_file("../tm4c123gh6pm_startup_ccs.c")
     310                            .dwattr $C$DW$5, DW_AT_TI_end_line(0x108)
     311                            .dwattr $C$DW$5, DW_AT_TI_end_column(0x01)
     312                            .dwendentry
     313                            .dwendtag $C$DW$5
     314                    
     315 00000008                   .sect   ".text"
     316                            .clink
     317                            .thumbfunc FaultISR
     318 00000008                   .thumb
     319                    
     320                    $C$DW$6 .dwtag  DW_TAG_subprogram
     321                            .dwattr $C$DW$6, DW_AT_name("FaultISR")
     322                            .dwattr $C$DW$6, DW_AT_low_pc(FaultISR)
     323                            .dwattr $C$DW$6, DW_AT_high_pc(0x00)
     324                            .dwattr $C$DW$6, DW_AT_TI_symbol_name("FaultISR")
     325                            .dwattr $C$DW$6, DW_AT_TI_begin_file("../tm4c123gh6pm_startup_ccs.c")
     326                            .dwattr $C$DW$6, DW_AT_TI_begin_line(0x112)
     327                            .dwattr $C$DW$6, DW_AT_TI_begin_column(0x01)
     328                            .dwattr $C$DW$6, DW_AT_decl_file("../tm4c123gh6pm_startup_ccs.c")
     329                            .dwattr $C$DW$6, DW_AT_decl_line(0x112)
     330                            .dwattr $C$DW$6, DW_AT_decl_column(0x01)
TI ARM Assembler Unix v16.9.1 Wed Jun 14 11:55:04 2017

Tools Copyright (c) 1996-2015 Texas Instruments Incorporated
tm4c123gh6pm_startup_ccs.asm                                         PAGE    7

     331                            .dwattr $C$DW$6, DW_AT_TI_max_frame_size(0x00)
     332                            .dwpsn  file "../tm4c123gh6pm_startup_ccs.c",line 275,column 1,is_stmt,address FaultISR,isa 1
     333                    
     334                            .dwfde $C$DW$CIE, FaultISR
     335                    ;----------------------------------------------------------------------
     336                    ; 274 | FaultISR(void)                                                         
     337                    ; 276 | //                                                                     
     338                    ; 277 | // Enter an infinite loop.                                             
     339                    ; 278 | //                                                                     
     340                    ;----------------------------------------------------------------------
     341                    
     342                    ;*****************************************************************************
     343                    ;* FUNCTION NAME: FaultISR                                                   *
     344                    ;*                                                                           *
     345                    ;*   Regs Modified     :                                                     *
     346                    ;*   Regs Used         : LR                                                  *
     347                    ;*   Local Frame Size  : 0 Args + 0 Auto + 0 Save = 0 byte                   *
     348                    ;*****************************************************************************
     349 00000008           FaultISR:
     350                    ;* --------------------------------------------------------------------------*
     351                            .dwcfi  cfa_offset, 0
     352                            .dwpsn  file "../tm4c123gh6pm_startup_ccs.c",line 279,column 11,is_stmt,isa 1
     353                    ;----------------------------------------------------------------------
     354                    ; 279 | while(1)                                                               
     355                    ;----------------------------------------------------------------------
     356                    ;* --------------------------------------------------------------------------*
     357                    ;*   BEGIN LOOP ||$C$L2||
     358                    ;*
     359                    ;*   Loop source line                : 279
     360                    ;*   Loop closing brace source line  : 281
     361                    ;*   Known Minimum Trip Count        : 1
     362                    ;*   Known Maximum Trip Count        : 4294967295
     363                    ;*   Known Max Trip Count Factor     : 1
     364                    ;* --------------------------------------------------------------------------*
     365 00000008           ||$C$L2||:    
     366 00000008 E7FE              B         ||$C$L2||             ; [DPU_3_PIPE] |279|  ; [ORIG 16-BIT INS]
     367                            ; BRANCH OCCURS {||$C$L2||}      ; [] |279| 
     368                    ;* --------------------------------------------------------------------------*
     369                            .dwattr $C$DW$6, DW_AT_TI_end_file("../tm4c123gh6pm_startup_ccs.c")
     370                            .dwattr $C$DW$6, DW_AT_TI_end_line(0x11a)
     371                            .dwattr $C$DW$6, DW_AT_TI_end_column(0x01)
     372                            .dwendentry
     373                            .dwendtag $C$DW$6
     374                    
     375 0000000a                   .sect   ".text"
     376                            .clink
     377                            .thumbfunc IntDefaultHandler
     378 0000000a                   .thumb
     379                    
     380                    $C$DW$7 .dwtag  DW_TAG_subprogram
     381                            .dwattr $C$DW$7, DW_AT_name("IntDefaultHandler")
     382                            .dwattr $C$DW$7, DW_AT_low_pc(IntDefaultHandler)
     383                            .dwattr $C$DW$7, DW_AT_high_pc(0x00)
     384                            .dwattr $C$DW$7, DW_AT_TI_symbol_name("IntDefaultHandler")
     385                            .dwattr $C$DW$7, DW_AT_TI_begin_file("../tm4c123gh6pm_startup_ccs.c")
TI ARM Assembler Unix v16.9.1 Wed Jun 14 11:55:04 2017

Tools Copyright (c) 1996-2015 Texas Instruments Incorporated
tm4c123gh6pm_startup_ccs.asm                                         PAGE    8

     386                            .dwattr $C$DW$7, DW_AT_TI_begin_line(0x124)
     387                            .dwattr $C$DW$7, DW_AT_TI_begin_column(0x01)
     388                            .dwattr $C$DW$7, DW_AT_decl_file("../tm4c123gh6pm_startup_ccs.c")
     389                            .dwattr $C$DW$7, DW_AT_decl_line(0x124)
     390                            .dwattr $C$DW$7, DW_AT_decl_column(0x01)
     391                            .dwattr $C$DW$7, DW_AT_TI_max_frame_size(0x00)
     392                            .dwpsn  file "../tm4c123gh6pm_startup_ccs.c",line 293,column 1,is_stmt,address IntDefaultHandl
     393                    
     394                            .dwfde $C$DW$CIE, IntDefaultHandler
     395                    ;----------------------------------------------------------------------
     396                    ; 292 | IntDefaultHandler(void)                                                
     397                    ; 294 | //                                                                     
     398                    ; 295 | // Go into an infinite loop.                                           
     399                    ; 296 | //                                                                     
     400                    ;----------------------------------------------------------------------
     401                    
     402                    ;*****************************************************************************
     403                    ;* FUNCTION NAME: IntDefaultHandler                                          *
     404                    ;*                                                                           *
     405                    ;*   Regs Modified     :                                                     *
     406                    ;*   Regs Used         : LR                                                  *
     407                    ;*   Local Frame Size  : 0 Args + 0 Auto + 0 Save = 0 byte                   *
     408                    ;*****************************************************************************
     409 0000000a           IntDefaultHandler:
     410                    ;* --------------------------------------------------------------------------*
     411                            .dwcfi  cfa_offset, 0
     412                            .dwpsn  file "../tm4c123gh6pm_startup_ccs.c",line 297,column 11,is_stmt,isa 1
     413                    ;----------------------------------------------------------------------
     414                    ; 297 | while(1)                                                               
     415                    ;----------------------------------------------------------------------
     416                    ;* --------------------------------------------------------------------------*
     417                    ;*   BEGIN LOOP ||$C$L3||
     418                    ;*
     419                    ;*   Loop source line                : 297
     420                    ;*   Loop closing brace source line  : 299
     421                    ;*   Known Minimum Trip Count        : 1
     422                    ;*   Known Maximum Trip Count        : 4294967295
     423                    ;*   Known Max Trip Count Factor     : 1
     424                    ;* --------------------------------------------------------------------------*
     425 0000000a           ||$C$L3||:    
     426 0000000a E7FE              B         ||$C$L3||             ; [DPU_3_PIPE] |297|  ; [ORIG 16-BIT INS]
     427                            ; BRANCH OCCURS {||$C$L3||}      ; [] |297| 
     428                    ;* --------------------------------------------------------------------------*
     429                            .dwattr $C$DW$7, DW_AT_TI_end_file("../tm4c123gh6pm_startup_ccs.c")
     430                            .dwattr $C$DW$7, DW_AT_TI_end_line(0x12c)
     431                            .dwattr $C$DW$7, DW_AT_TI_end_column(0x01)
     432                            .dwendentry
     433                            .dwendtag $C$DW$7
     434                    
     435                    ;*****************************************************************************
     436                    ;* UNDEFINED EXTERNAL REFERENCES                                             *
     437                    ;*****************************************************************************
     438                            .global __STACK_TOP
     439                    
     440                    ;******************************************************************************
TI ARM Assembler Unix v16.9.1 Wed Jun 14 11:55:04 2017

Tools Copyright (c) 1996-2015 Texas Instruments Incorporated
tm4c123gh6pm_startup_ccs.asm                                         PAGE    9

     441                    ;* BUILD ATTRIBUTES                                                           *
     442                    ;******************************************************************************
     443                            .battr "aeabi", Tag_File, 1, Tag_ABI_PCS_wchar_t(2)
     444                            .battr "aeabi", Tag_File, 1, Tag_ABI_FP_rounding(0)
     445                            .battr "aeabi", Tag_File, 1, Tag_ABI_FP_denormal(0)
     446                            .battr "aeabi", Tag_File, 1, Tag_ABI_FP_exceptions(0)
     447                            .battr "aeabi", Tag_File, 1, Tag_ABI_FP_number_model(1)
     448                            .battr "aeabi", Tag_File, 1, Tag_ABI_enum_size(0)
     449                            .battr "aeabi", Tag_File, 1, Tag_ABI_optimization_goals(5)
     450                            .battr "aeabi", Tag_File, 1, Tag_ABI_FP_optimization_goals(0)
     451                            .battr "TI", Tag_File, 1, Tag_Bitfield_layout(2)
     452                            .battr "aeabi", Tag_File, 1, Tag_ABI_VFP_args(3)
     453                            .battr "TI", Tag_File, 1, Tag_FP_interface(1)
     454                    
     455                    ;******************************************************************************
     456                    ;* TYPE INFORMATION                                                           *
     457                    ;******************************************************************************
     458                    $C$DW$T$2       .dwtag  DW_TAG_unspecified_type
     459                            .dwattr $C$DW$T$2, DW_AT_name("void")
     460                    
     461                    
     462                    $C$DW$T$19      .dwtag  DW_TAG_subroutine_type
     463                            .dwattr $C$DW$T$19, DW_AT_language(DW_LANG_C)
     464                            .dwendtag $C$DW$T$19
     465                    
     466                    $C$DW$T$20      .dwtag  DW_TAG_pointer_type
     467                            .dwattr $C$DW$T$20, DW_AT_type(*$C$DW$T$19)
     468                            .dwattr $C$DW$T$20, DW_AT_address_class(0x20)
     469                    
     470                    $C$DW$T$21      .dwtag  DW_TAG_const_type
     471                            .dwattr $C$DW$T$21, DW_AT_type(*$C$DW$T$20)
     472                    
     473                    
     474                    $C$DW$T$22      .dwtag  DW_TAG_array_type
     475                            .dwattr $C$DW$T$22, DW_AT_type(*$C$DW$T$21)
     476                            .dwattr $C$DW$T$22, DW_AT_language(DW_LANG_C)
     477                            .dwattr $C$DW$T$22, DW_AT_byte_size(0x26c)
     478                    $C$DW$8 .dwtag  DW_TAG_subrange_type
     479                            .dwattr $C$DW$8, DW_AT_upper_bound(0x9a)
     480                    
     481                            .dwendtag $C$DW$T$22
     482                    
     483                    $C$DW$T$4       .dwtag  DW_TAG_base_type
     484                            .dwattr $C$DW$T$4, DW_AT_encoding(DW_ATE_boolean)
     485                            .dwattr $C$DW$T$4, DW_AT_name("bool")
     486                            .dwattr $C$DW$T$4, DW_AT_byte_size(0x01)
     487                    
     488                    $C$DW$T$5       .dwtag  DW_TAG_base_type
     489                            .dwattr $C$DW$T$5, DW_AT_encoding(DW_ATE_signed_char)
     490                            .dwattr $C$DW$T$5, DW_AT_name("signed char")
     491                            .dwattr $C$DW$T$5, DW_AT_byte_size(0x01)
     492                    
     493                    $C$DW$T$23      .dwtag  DW_TAG_typedef
     494                            .dwattr $C$DW$T$23, DW_AT_name("int8_t")
     495                            .dwattr $C$DW$T$23, DW_AT_type(*$C$DW$T$5)
TI ARM Assembler Unix v16.9.1 Wed Jun 14 11:55:04 2017

Tools Copyright (c) 1996-2015 Texas Instruments Incorporated
tm4c123gh6pm_startup_ccs.asm                                         PAGE   10

     496                            .dwattr $C$DW$T$23, DW_AT_language(DW_LANG_C)
     497                            .dwattr $C$DW$T$23, DW_AT_decl_file("/Applications/ti/ccsv7/tools/compiler/ti-cgt-arm_16.9.1.L
     498                            .dwattr $C$DW$T$23, DW_AT_decl_line(0x2a)
     499                            .dwattr $C$DW$T$23, DW_AT_decl_column(0x1d)
     500                    
     501                    $C$DW$T$24      .dwtag  DW_TAG_typedef
     502                            .dwattr $C$DW$T$24, DW_AT_name("int_least8_t")
     503                            .dwattr $C$DW$T$24, DW_AT_type(*$C$DW$T$23)
     504                            .dwattr $C$DW$T$24, DW_AT_language(DW_LANG_C)
     505                            .dwattr $C$DW$T$24, DW_AT_decl_file("/Applications/ti/ccsv7/tools/compiler/ti-cgt-arm_16.9.1.L
     506                            .dwattr $C$DW$T$24, DW_AT_decl_line(0x37)
     507                            .dwattr $C$DW$T$24, DW_AT_decl_column(0x17)
     508                    
     509                    $C$DW$T$6       .dwtag  DW_TAG_base_type
     510                            .dwattr $C$DW$T$6, DW_AT_encoding(DW_ATE_unsigned_char)
     511                            .dwattr $C$DW$T$6, DW_AT_name("unsigned char")
     512                            .dwattr $C$DW$T$6, DW_AT_byte_size(0x01)
     513                    
     514                    $C$DW$T$25      .dwtag  DW_TAG_typedef
     515                            .dwattr $C$DW$T$25, DW_AT_name("uint8_t")
     516                            .dwattr $C$DW$T$25, DW_AT_type(*$C$DW$T$6)
     517                            .dwattr $C$DW$T$25, DW_AT_language(DW_LANG_C)
     518                            .dwattr $C$DW$T$25, DW_AT_decl_file("/Applications/ti/ccsv7/tools/compiler/ti-cgt-arm_16.9.1.L
     519                            .dwattr $C$DW$T$25, DW_AT_decl_line(0x2b)
     520                            .dwattr $C$DW$T$25, DW_AT_decl_column(0x1c)
     521                    
     522                    $C$DW$T$26      .dwtag  DW_TAG_typedef
     523                            .dwattr $C$DW$T$26, DW_AT_name("uint_least8_t")
     524                            .dwattr $C$DW$T$26, DW_AT_type(*$C$DW$T$25)
     525                            .dwattr $C$DW$T$26, DW_AT_language(DW_LANG_C)
     526                            .dwattr $C$DW$T$26, DW_AT_decl_file("/Applications/ti/ccsv7/tools/compiler/ti-cgt-arm_16.9.1.L
     527                            .dwattr $C$DW$T$26, DW_AT_decl_line(0x38)
     528                            .dwattr $C$DW$T$26, DW_AT_decl_column(0x16)
     529                    
     530                    $C$DW$T$7       .dwtag  DW_TAG_base_type
     531                            .dwattr $C$DW$T$7, DW_AT_encoding(DW_ATE_signed_char)
     532                            .dwattr $C$DW$T$7, DW_AT_name("wchar_t")
     533                            .dwattr $C$DW$T$7, DW_AT_byte_size(0x02)
     534                    
     535                    $C$DW$T$8       .dwtag  DW_TAG_base_type
     536                            .dwattr $C$DW$T$8, DW_AT_encoding(DW_ATE_signed)
     537                            .dwattr $C$DW$T$8, DW_AT_name("short")
     538                            .dwattr $C$DW$T$8, DW_AT_byte_size(0x02)
     539                    
     540                    $C$DW$T$27      .dwtag  DW_TAG_typedef
     541                            .dwattr $C$DW$T$27, DW_AT_name("int16_t")
     542                            .dwattr $C$DW$T$27, DW_AT_type(*$C$DW$T$8)
     543                            .dwattr $C$DW$T$27, DW_AT_language(DW_LANG_C)
     544                            .dwattr $C$DW$T$27, DW_AT_decl_file("/Applications/ti/ccsv7/tools/compiler/ti-cgt-arm_16.9.1.L
     545                            .dwattr $C$DW$T$27, DW_AT_decl_line(0x2c)
     546                            .dwattr $C$DW$T$27, DW_AT_decl_column(0x1d)
     547                    
     548                    $C$DW$T$28      .dwtag  DW_TAG_typedef
     549                            .dwattr $C$DW$T$28, DW_AT_name("int_least16_t")
     550                            .dwattr $C$DW$T$28, DW_AT_type(*$C$DW$T$27)
TI ARM Assembler Unix v16.9.1 Wed Jun 14 11:55:04 2017

Tools Copyright (c) 1996-2015 Texas Instruments Incorporated
tm4c123gh6pm_startup_ccs.asm                                         PAGE   11

     551                            .dwattr $C$DW$T$28, DW_AT_language(DW_LANG_C)
     552                            .dwattr $C$DW$T$28, DW_AT_decl_file("/Applications/ti/ccsv7/tools/compiler/ti-cgt-arm_16.9.1.L
     553                            .dwattr $C$DW$T$28, DW_AT_decl_line(0x3a)
     554                            .dwattr $C$DW$T$28, DW_AT_decl_column(0x17)
     555                    
     556                    $C$DW$T$9       .dwtag  DW_TAG_base_type
     557                            .dwattr $C$DW$T$9, DW_AT_encoding(DW_ATE_unsigned)
     558                            .dwattr $C$DW$T$9, DW_AT_name("unsigned short")
     559                            .dwattr $C$DW$T$9, DW_AT_byte_size(0x02)
     560                    
     561                    $C$DW$T$29      .dwtag  DW_TAG_typedef
     562                            .dwattr $C$DW$T$29, DW_AT_name("uint16_t")
     563                            .dwattr $C$DW$T$29, DW_AT_type(*$C$DW$T$9)
     564                            .dwattr $C$DW$T$29, DW_AT_language(DW_LANG_C)
     565                            .dwattr $C$DW$T$29, DW_AT_decl_file("/Applications/ti/ccsv7/tools/compiler/ti-cgt-arm_16.9.1.L
     566                            .dwattr $C$DW$T$29, DW_AT_decl_line(0x2d)
     567                            .dwattr $C$DW$T$29, DW_AT_decl_column(0x1c)
     568                    
     569                    $C$DW$T$30      .dwtag  DW_TAG_typedef
     570                            .dwattr $C$DW$T$30, DW_AT_name("uint_least16_t")
     571                            .dwattr $C$DW$T$30, DW_AT_type(*$C$DW$T$29)
     572                            .dwattr $C$DW$T$30, DW_AT_language(DW_LANG_C)
     573                            .dwattr $C$DW$T$30, DW_AT_decl_file("/Applications/ti/ccsv7/tools/compiler/ti-cgt-arm_16.9.1.L
     574                            .dwattr $C$DW$T$30, DW_AT_decl_line(0x3b)
     575                            .dwattr $C$DW$T$30, DW_AT_decl_column(0x16)
     576                    
     577                    $C$DW$T$10      .dwtag  DW_TAG_base_type
     578                            .dwattr $C$DW$T$10, DW_AT_encoding(DW_ATE_signed)
     579                            .dwattr $C$DW$T$10, DW_AT_name("int")
     580                            .dwattr $C$DW$T$10, DW_AT_byte_size(0x04)
     581                    
     582                    $C$DW$T$31      .dwtag  DW_TAG_typedef
     583                            .dwattr $C$DW$T$31, DW_AT_name("int32_t")
     584                            .dwattr $C$DW$T$31, DW_AT_type(*$C$DW$T$10)
     585                            .dwattr $C$DW$T$31, DW_AT_language(DW_LANG_C)
     586                            .dwattr $C$DW$T$31, DW_AT_decl_file("/Applications/ti/ccsv7/tools/compiler/ti-cgt-arm_16.9.1.L
     587                            .dwattr $C$DW$T$31, DW_AT_decl_line(0x2e)
     588                            .dwattr $C$DW$T$31, DW_AT_decl_column(0x1d)
     589                    
     590                    $C$DW$T$32      .dwtag  DW_TAG_typedef
     591                            .dwattr $C$DW$T$32, DW_AT_name("int_fast16_t")
     592                            .dwattr $C$DW$T$32, DW_AT_type(*$C$DW$T$31)
     593                            .dwattr $C$DW$T$32, DW_AT_language(DW_LANG_C)
     594                            .dwattr $C$DW$T$32, DW_AT_decl_file("/Applications/ti/ccsv7/tools/compiler/ti-cgt-arm_16.9.1.L
     595                            .dwattr $C$DW$T$32, DW_AT_decl_line(0x47)
     596                            .dwattr $C$DW$T$32, DW_AT_decl_column(0x17)
     597                    
     598                    $C$DW$T$33      .dwtag  DW_TAG_typedef
     599                            .dwattr $C$DW$T$33, DW_AT_name("int_fast32_t")
     600                            .dwattr $C$DW$T$33, DW_AT_type(*$C$DW$T$31)
     601                            .dwattr $C$DW$T$33, DW_AT_language(DW_LANG_C)
     602                            .dwattr $C$DW$T$33, DW_AT_decl_file("/Applications/ti/ccsv7/tools/compiler/ti-cgt-arm_16.9.1.L
     603                            .dwattr $C$DW$T$33, DW_AT_decl_line(0x4a)
     604                            .dwattr $C$DW$T$33, DW_AT_decl_column(0x17)
     605                    
TI ARM Assembler Unix v16.9.1 Wed Jun 14 11:55:04 2017

Tools Copyright (c) 1996-2015 Texas Instruments Incorporated
tm4c123gh6pm_startup_ccs.asm                                         PAGE   12

     606                    $C$DW$T$34      .dwtag  DW_TAG_typedef
     607                            .dwattr $C$DW$T$34, DW_AT_name("int_fast8_t")
     608                            .dwattr $C$DW$T$34, DW_AT_type(*$C$DW$T$31)
     609                            .dwattr $C$DW$T$34, DW_AT_language(DW_LANG_C)
     610                            .dwattr $C$DW$T$34, DW_AT_decl_file("/Applications/ti/ccsv7/tools/compiler/ti-cgt-arm_16.9.1.L
     611                            .dwattr $C$DW$T$34, DW_AT_decl_line(0x45)
     612                            .dwattr $C$DW$T$34, DW_AT_decl_column(0x17)
     613                    
     614                    $C$DW$T$35      .dwtag  DW_TAG_typedef
     615                            .dwattr $C$DW$T$35, DW_AT_name("int_least32_t")
     616                            .dwattr $C$DW$T$35, DW_AT_type(*$C$DW$T$31)
     617                            .dwattr $C$DW$T$35, DW_AT_language(DW_LANG_C)
     618                            .dwattr $C$DW$T$35, DW_AT_decl_file("/Applications/ti/ccsv7/tools/compiler/ti-cgt-arm_16.9.1.L
     619                            .dwattr $C$DW$T$35, DW_AT_decl_line(0x3c)
     620                            .dwattr $C$DW$T$35, DW_AT_decl_column(0x17)
     621                    
     622                    $C$DW$T$36      .dwtag  DW_TAG_typedef
     623                            .dwattr $C$DW$T$36, DW_AT_name("intptr_t")
     624                            .dwattr $C$DW$T$36, DW_AT_type(*$C$DW$T$10)
     625                            .dwattr $C$DW$T$36, DW_AT_language(DW_LANG_C)
     626                            .dwattr $C$DW$T$36, DW_AT_decl_file("/Applications/ti/ccsv7/tools/compiler/ti-cgt-arm_16.9.1.L
     627                            .dwattr $C$DW$T$36, DW_AT_decl_line(0x52)
     628                            .dwattr $C$DW$T$36, DW_AT_decl_column(0x1a)
     629                    
     630                    $C$DW$T$11      .dwtag  DW_TAG_base_type
     631                            .dwattr $C$DW$T$11, DW_AT_encoding(DW_ATE_unsigned)
     632                            .dwattr $C$DW$T$11, DW_AT_name("unsigned int")
     633                            .dwattr $C$DW$T$11, DW_AT_byte_size(0x04)
     634                    
     635                    $C$DW$T$37      .dwtag  DW_TAG_typedef
     636                            .dwattr $C$DW$T$37, DW_AT_name("uint32_t")
     637                            .dwattr $C$DW$T$37, DW_AT_type(*$C$DW$T$11)
     638                            .dwattr $C$DW$T$37, DW_AT_language(DW_LANG_C)
     639                            .dwattr $C$DW$T$37, DW_AT_decl_file("/Applications/ti/ccsv7/tools/compiler/ti-cgt-arm_16.9.1.L
     640                            .dwattr $C$DW$T$37, DW_AT_decl_line(0x2f)
     641                            .dwattr $C$DW$T$37, DW_AT_decl_column(0x1c)
     642                    
     643                    $C$DW$T$39      .dwtag  DW_TAG_typedef
     644                            .dwattr $C$DW$T$39, DW_AT_name("uint_fast16_t")
     645                            .dwattr $C$DW$T$39, DW_AT_type(*$C$DW$T$37)
     646                            .dwattr $C$DW$T$39, DW_AT_language(DW_LANG_C)
     647                            .dwattr $C$DW$T$39, DW_AT_decl_file("/Applications/ti/ccsv7/tools/compiler/ti-cgt-arm_16.9.1.L
     648                            .dwattr $C$DW$T$39, DW_AT_decl_line(0x48)
     649                            .dwattr $C$DW$T$39, DW_AT_decl_column(0x16)
     650                    
     651                    $C$DW$T$40      .dwtag  DW_TAG_typedef
     652                            .dwattr $C$DW$T$40, DW_AT_name("uint_fast32_t")
     653                            .dwattr $C$DW$T$40, DW_AT_type(*$C$DW$T$37)
     654                            .dwattr $C$DW$T$40, DW_AT_language(DW_LANG_C)
     655                            .dwattr $C$DW$T$40, DW_AT_decl_file("/Applications/ti/ccsv7/tools/compiler/ti-cgt-arm_16.9.1.L
     656                            .dwattr $C$DW$T$40, DW_AT_decl_line(0x4b)
     657                            .dwattr $C$DW$T$40, DW_AT_decl_column(0x16)
     658                    
     659                    $C$DW$T$41      .dwtag  DW_TAG_typedef
     660                            .dwattr $C$DW$T$41, DW_AT_name("uint_fast8_t")
TI ARM Assembler Unix v16.9.1 Wed Jun 14 11:55:04 2017

Tools Copyright (c) 1996-2015 Texas Instruments Incorporated
tm4c123gh6pm_startup_ccs.asm                                         PAGE   13

     661                            .dwattr $C$DW$T$41, DW_AT_type(*$C$DW$T$37)
     662                            .dwattr $C$DW$T$41, DW_AT_language(DW_LANG_C)
     663                            .dwattr $C$DW$T$41, DW_AT_decl_file("/Applications/ti/ccsv7/tools/compiler/ti-cgt-arm_16.9.1.L
     664                            .dwattr $C$DW$T$41, DW_AT_decl_line(0x46)
     665                            .dwattr $C$DW$T$41, DW_AT_decl_column(0x16)
     666                    
     667                    $C$DW$T$42      .dwtag  DW_TAG_typedef
     668                            .dwattr $C$DW$T$42, DW_AT_name("uint_least32_t")
     669                            .dwattr $C$DW$T$42, DW_AT_type(*$C$DW$T$37)
     670                            .dwattr $C$DW$T$42, DW_AT_language(DW_LANG_C)
     671                            .dwattr $C$DW$T$42, DW_AT_decl_file("/Applications/ti/ccsv7/tools/compiler/ti-cgt-arm_16.9.1.L
     672                            .dwattr $C$DW$T$42, DW_AT_decl_line(0x3d)
     673                            .dwattr $C$DW$T$42, DW_AT_decl_column(0x16)
     674                    
     675                    $C$DW$T$43      .dwtag  DW_TAG_typedef
     676                            .dwattr $C$DW$T$43, DW_AT_name("uintptr_t")
     677                            .dwattr $C$DW$T$43, DW_AT_type(*$C$DW$T$11)
     678                            .dwattr $C$DW$T$43, DW_AT_language(DW_LANG_C)
     679                            .dwattr $C$DW$T$43, DW_AT_decl_file("/Applications/ti/ccsv7/tools/compiler/ti-cgt-arm_16.9.1.L
     680                            .dwattr $C$DW$T$43, DW_AT_decl_line(0x53)
     681                            .dwattr $C$DW$T$43, DW_AT_decl_column(0x1a)
     682                    
     683                    $C$DW$T$12      .dwtag  DW_TAG_base_type
     684                            .dwattr $C$DW$T$12, DW_AT_encoding(DW_ATE_signed)
     685                            .dwattr $C$DW$T$12, DW_AT_name("long")
     686                            .dwattr $C$DW$T$12, DW_AT_byte_size(0x04)
     687                    
     688                    $C$DW$T$13      .dwtag  DW_TAG_base_type
     689                            .dwattr $C$DW$T$13, DW_AT_encoding(DW_ATE_unsigned)
     690                            .dwattr $C$DW$T$13, DW_AT_name("unsigned long")
     691                            .dwattr $C$DW$T$13, DW_AT_byte_size(0x04)
     692                    
     693                    $C$DW$T$14      .dwtag  DW_TAG_base_type
     694                            .dwattr $C$DW$T$14, DW_AT_encoding(DW_ATE_signed)
     695                            .dwattr $C$DW$T$14, DW_AT_name("long long")
     696                            .dwattr $C$DW$T$14, DW_AT_byte_size(0x08)
     697                    
     698                    $C$DW$T$44      .dwtag  DW_TAG_typedef
     699                            .dwattr $C$DW$T$44, DW_AT_name("int64_t")
     700                            .dwattr $C$DW$T$44, DW_AT_type(*$C$DW$T$14)
     701                            .dwattr $C$DW$T$44, DW_AT_language(DW_LANG_C)
     702                            .dwattr $C$DW$T$44, DW_AT_decl_file("/Applications/ti/ccsv7/tools/compiler/ti-cgt-arm_16.9.1.L
     703                            .dwattr $C$DW$T$44, DW_AT_decl_line(0x32)
     704                            .dwattr $C$DW$T$44, DW_AT_decl_column(0x21)
     705                    
     706                    $C$DW$T$45      .dwtag  DW_TAG_typedef
     707                            .dwattr $C$DW$T$45, DW_AT_name("int_fast64_t")
     708                            .dwattr $C$DW$T$45, DW_AT_type(*$C$DW$T$44)
     709                            .dwattr $C$DW$T$45, DW_AT_language(DW_LANG_C)
     710                            .dwattr $C$DW$T$45, DW_AT_decl_file("/Applications/ti/ccsv7/tools/compiler/ti-cgt-arm_16.9.1.L
     711                            .dwattr $C$DW$T$45, DW_AT_decl_line(0x4e)
     712                            .dwattr $C$DW$T$45, DW_AT_decl_column(0x17)
     713                    
     714                    $C$DW$T$46      .dwtag  DW_TAG_typedef
     715                            .dwattr $C$DW$T$46, DW_AT_name("int_least64_t")
TI ARM Assembler Unix v16.9.1 Wed Jun 14 11:55:04 2017

Tools Copyright (c) 1996-2015 Texas Instruments Incorporated
tm4c123gh6pm_startup_ccs.asm                                         PAGE   14

     716                            .dwattr $C$DW$T$46, DW_AT_type(*$C$DW$T$44)
     717                            .dwattr $C$DW$T$46, DW_AT_language(DW_LANG_C)
     718                            .dwattr $C$DW$T$46, DW_AT_decl_file("/Applications/ti/ccsv7/tools/compiler/ti-cgt-arm_16.9.1.L
     719                            .dwattr $C$DW$T$46, DW_AT_decl_line(0x40)
     720                            .dwattr $C$DW$T$46, DW_AT_decl_column(0x17)
     721                    
     722                    $C$DW$T$47      .dwtag  DW_TAG_typedef
     723                            .dwattr $C$DW$T$47, DW_AT_name("intmax_t")
     724                            .dwattr $C$DW$T$47, DW_AT_type(*$C$DW$T$14)
     725                            .dwattr $C$DW$T$47, DW_AT_language(DW_LANG_C)
     726                            .dwattr $C$DW$T$47, DW_AT_decl_file("/Applications/ti/ccsv7/tools/compiler/ti-cgt-arm_16.9.1.L
     727                            .dwattr $C$DW$T$47, DW_AT_decl_line(0x56)
     728                            .dwattr $C$DW$T$47, DW_AT_decl_column(0x20)
     729                    
     730                    $C$DW$T$15      .dwtag  DW_TAG_base_type
     731                            .dwattr $C$DW$T$15, DW_AT_encoding(DW_ATE_unsigned)
     732                            .dwattr $C$DW$T$15, DW_AT_name("unsigned long long")
     733                            .dwattr $C$DW$T$15, DW_AT_byte_size(0x08)
     734                    
     735                    $C$DW$T$48      .dwtag  DW_TAG_typedef
     736                            .dwattr $C$DW$T$48, DW_AT_name("uint64_t")
     737                            .dwattr $C$DW$T$48, DW_AT_type(*$C$DW$T$15)
     738                            .dwattr $C$DW$T$48, DW_AT_language(DW_LANG_C)
     739                            .dwattr $C$DW$T$48, DW_AT_decl_file("/Applications/ti/ccsv7/tools/compiler/ti-cgt-arm_16.9.1.L
     740                            .dwattr $C$DW$T$48, DW_AT_decl_line(0x33)
     741                            .dwattr $C$DW$T$48, DW_AT_decl_column(0x20)
     742                    
     743                    $C$DW$T$49      .dwtag  DW_TAG_typedef
     744                            .dwattr $C$DW$T$49, DW_AT_name("uint_fast64_t")
     745                            .dwattr $C$DW$T$49, DW_AT_type(*$C$DW$T$48)
     746                            .dwattr $C$DW$T$49, DW_AT_language(DW_LANG_C)
     747                            .dwattr $C$DW$T$49, DW_AT_decl_file("/Applications/ti/ccsv7/tools/compiler/ti-cgt-arm_16.9.1.L
     748                            .dwattr $C$DW$T$49, DW_AT_decl_line(0x4f)
     749                            .dwattr $C$DW$T$49, DW_AT_decl_column(0x16)
     750                    
     751                    $C$DW$T$50      .dwtag  DW_TAG_typedef
     752                            .dwattr $C$DW$T$50, DW_AT_name("uint_least64_t")
     753                            .dwattr $C$DW$T$50, DW_AT_type(*$C$DW$T$48)
     754                            .dwattr $C$DW$T$50, DW_AT_language(DW_LANG_C)
     755                            .dwattr $C$DW$T$50, DW_AT_decl_file("/Applications/ti/ccsv7/tools/compiler/ti-cgt-arm_16.9.1.L
     756                            .dwattr $C$DW$T$50, DW_AT_decl_line(0x41)
     757                            .dwattr $C$DW$T$50, DW_AT_decl_column(0x16)
     758                    
     759                    $C$DW$T$51      .dwtag  DW_TAG_typedef
     760                            .dwattr $C$DW$T$51, DW_AT_name("uintmax_t")
     761                            .dwattr $C$DW$T$51, DW_AT_type(*$C$DW$T$15)
     762                            .dwattr $C$DW$T$51, DW_AT_language(DW_LANG_C)
     763                            .dwattr $C$DW$T$51, DW_AT_decl_file("/Applications/ti/ccsv7/tools/compiler/ti-cgt-arm_16.9.1.L
     764                            .dwattr $C$DW$T$51, DW_AT_decl_line(0x57)
     765                            .dwattr $C$DW$T$51, DW_AT_decl_column(0x20)
     766                    
     767                    $C$DW$T$16      .dwtag  DW_TAG_base_type
     768                            .dwattr $C$DW$T$16, DW_AT_encoding(DW_ATE_float)
     769                            .dwattr $C$DW$T$16, DW_AT_name("float")
     770                            .dwattr $C$DW$T$16, DW_AT_byte_size(0x04)
TI ARM Assembler Unix v16.9.1 Wed Jun 14 11:55:04 2017

Tools Copyright (c) 1996-2015 Texas Instruments Incorporated
tm4c123gh6pm_startup_ccs.asm                                         PAGE   15

     771                    
     772                    $C$DW$T$17      .dwtag  DW_TAG_base_type
     773                            .dwattr $C$DW$T$17, DW_AT_encoding(DW_ATE_float)
     774                            .dwattr $C$DW$T$17, DW_AT_name("double")
     775                            .dwattr $C$DW$T$17, DW_AT_byte_size(0x08)
     776                    
     777                    $C$DW$T$18      .dwtag  DW_TAG_base_type
     778                            .dwattr $C$DW$T$18, DW_AT_encoding(DW_ATE_float)
     779                            .dwattr $C$DW$T$18, DW_AT_name("long double")
     780                            .dwattr $C$DW$T$18, DW_AT_byte_size(0x08)
     781                    
     782                            .dwattr $C$DW$CU, DW_AT_language(DW_LANG_C)
     783                    
     784                    ;***************************************************************
     785                    ;* DWARF CIE ENTRIES                                           *
     786                    ;***************************************************************
     787                    
     788                    $C$DW$CIE       .dwcie 14
     789                            .dwcfi  cfa_register, 13
     790                            .dwcfi  cfa_offset, 0
     791                            .dwcfi  same_value, 4
     792                            .dwcfi  same_value, 5
     793                            .dwcfi  same_value, 6
     794                            .dwcfi  same_value, 7
     795                            .dwcfi  same_value, 8
     796                            .dwcfi  same_value, 9
     797                            .dwcfi  same_value, 10
     798                            .dwcfi  same_value, 11
     799                            .dwcfi  same_value, 80
     800                            .dwcfi  same_value, 81
     801                            .dwcfi  same_value, 82
     802                            .dwcfi  same_value, 83
     803                            .dwcfi  same_value, 84
     804                            .dwcfi  same_value, 85
     805                            .dwcfi  same_value, 86
     806                            .dwcfi  same_value, 87
     807                            .dwcfi  same_value, 88
     808                            .dwcfi  same_value, 89
     809                            .dwcfi  same_value, 90
     810                            .dwcfi  same_value, 91
     811                            .dwcfi  same_value, 92
     812                            .dwcfi  same_value, 93
     813                            .dwcfi  same_value, 94
     814                            .dwcfi  same_value, 95
     815                            .dwendentry
     816                            .dwendtag $C$DW$CU
     817                    

--------------------------
Thumb2 Statistics
--------------------------
Number of Thumb2 ins converted to Thumb = 0 (0%)
Number of Thumb ins in input = 4 (80%)
Number of Thumb2 ins encoded as Thumb2 = 1 (100%)
Number of Thumb2 ins converted to 2 OPND Thumb = 0


No Assembly Errors, No Assembly Warnings
