
**** Build of configuration Debug for project lab1OnBoard ****

/Applications/ti/ccsv7/utils/bin/gmake -k -j 3 all -O 
Building file: ../fib.S
Invoking: ARM Compiler
"/Applications/ti/ccsv7/tools/compiler/ti-cgt-arm_16.9.1.LTS/bin/armcl" -mv7M4 --code_state=16 --float_support=FPv4SPD16 -me --include_path="/Users/Albader/Documents/MermaidMan-AND-BarnacleBoy-Team-14/lab1OnBoard" --include_path="/Applications/ti/ccsv7/tools/compiler/ti-cgt-arm_16.9.1.LTS/include" --define=ccs="ccs" --define=PART_TM4C123GH6PM -g --gcc --diag_warning=225 --diag_wrap=off --display_error_number --abi=eabi -k --asm_listing --src_interlist --preproc_with_compile --preproc_dependency="fib.d"  "../fib.S"

>> Compilation failure
subdir_rules.mk:7: recipe for target 'fib.obj' failed
"../fib.S", line 20: warning #78-D: this declaration has no storage class or type specifier
"../fib.S", line 20: error #66: expected a ";"
At end of source: warning #12-D: parsing restarts here after previous syntax error
1 error detected in the compilation of "../fib.S".
gmake: *** [fib.obj] Error 1
"../main.c", line 7: fatal error #1965: cannot open source file "driverlib/gpio.h"
1 catastrophic error detected in the compilation of "../main.c".
Compilation terminated.
gmake: *** [main.obj] Error 1
Building file: ../main.c
Invoking: ARM Compiler
"/Applications/ti/ccsv7/tools/compiler/ti-cgt-arm_16.9.1.LTS/bin/armcl" -mv7M4 --code_state=16 --float_support=FPv4SPD16 -me --include_path="/Users/Albader/Documents/MermaidMan-AND-BarnacleBoy-Team-14/lab1OnBoard" --include_path="/Applications/ti/ccsv7/tools/compiler/ti-cgt-arm_16.9.1.LTS/include" --define=ccs="ccs" --define=PART_TM4C123GH6PM -g --gcc --diag_warning=225 --diag_wrap=off --display_error_number --abi=eabi -k --asm_listing --src_interlist --preproc_with_compile --preproc_dependency="main.d"  "../main.c"

>> Compilation failure
subdir_rules.mk:14: recipe for target 'main.obj' failed
gmake: Target 'all' not remade because of errors.

**** Build Finished ****

**** Build of configuration Debug for project lab1OnBoard ****

/Applications/ti/ccsv7/utils/bin/gmake -k -j 3 all -O 
Building file: ../fib.S
Invoking: ARM Compiler
"/Applications/ti/ccsv7/tools/compiler/ti-cgt-arm_16.9.1.LTS/bin/armcl" -mv7M4 --code_state=16 --float_support=FPv4SPD16 -me --include_path="/Users/Albader/Documents/MermaidMan-AND-BarnacleBoy-Team-14/lab1OnBoard" --include_path="/Applications/ti/ccsv7/tools/compiler/ti-cgt-arm_16.9.1.LTS/include" --define=ccs="ccs" --define=PART_TM4C123GH6PM -g --gcc --diag_warning=225 --diag_wrap=off --display_error_number --abi=eabi -k --asm_listing --src_interlist --preproc_with_compile --preproc_dependency="fib.d"  "../fib.S"

>> Compilation failure
subdir_rules.mk:7: recipe for target 'fib.obj' failed
"../fib.S", line 20: error #171: expected a declaration
At end of source: warning #12-D: parsing restarts here after previous syntax error
1 error detected in the compilation of "../fib.S".
gmake: *** [fib.obj] Error 1
"../main.c", line 7: fatal error #1965: cannot open source file "driverlib/gpio.h"
1 catastrophic error detected in the compilation of "../main.c".
Compilation terminated.
gmake: *** [main.obj] Error 1
Building file: ../main.c
Invoking: ARM Compiler
"/Applications/ti/ccsv7/tools/compiler/ti-cgt-arm_16.9.1.LTS/bin/armcl" -mv7M4 --code_state=16 --float_support=FPv4SPD16 -me --include_path="/Users/Albader/Documents/MermaidMan-AND-BarnacleBoy-Team-14/lab1OnBoard" --include_path="/Applications/ti/ccsv7/tools/compiler/ti-cgt-arm_16.9.1.LTS/include" --define=ccs="ccs" --define=PART_TM4C123GH6PM -g --gcc --diag_warning=225 --diag_wrap=off --display_error_number --abi=eabi -k --asm_listing --src_interlist --preproc_with_compile --preproc_dependency="main.d"  "../main.c"

>> Compilation failure
subdir_rules.mk:14: recipe for target 'main.obj' failed
gmake: Target 'all' not remade because of errors.

**** Build Finished ****
