
**** Build of configuration Debug for project lab1OnBoard ****

/Applications/ti/ccsv7/utils/bin/gmake -k -j 3 all -O 
Building file: ../fib.asm
Invoking: ARM Compiler
"/Applications/ti/ccsv7/tools/compiler/ti-cgt-arm_16.9.1.LTS/bin/armcl" -mv7M4 --code_state=16 --float_support=FPv4SPD16 -me --include_path="/Users/Albader/Documents/T14/lab1OnBoard" --include_path="/Users/Albader/ti/TivaWare_C_Series-2.1.3.156" --include_path="/Applications/ti/ccsv7/tools/compiler/ti-cgt-arm_16.9.1.LTS/include" --define=ccs="ccs" --define=PART_TM4C123GH6PM -g --gcc --diag_warning=225 --diag_wrap=off --display_error_number --abi=eabi -k --asm_listing --src_interlist --preproc_with_compile --preproc_dependency="fib.d"  "../fib.asm"
6 Assembly Errors, No Assembly Warnings

>> Compilation failure
subdir_rules.mk:7: recipe for target 'fib.obj' failed
"../fib.asm", ERROR!   at line 9: [E0004] Invalid operand
		cmp r1, 0 ; [KEEP 32-BIT INS]

"../fib.asm", ERROR!   at line 11: [E0004] Invalid operand
		mov r0, 0 ; [KEEP 32-BIT INS]

"../fib.asm", ERROR!   at line 16: [E0004] Invalid operand
		cmp r1, 1 ; [KEEP 32-BIT INS]

"../fib.asm", ERROR!   at line 18: [E0004] Invalid operand
		mov r0, 1 ; [KEEP 32-BIT INS]

"../fib.asm", ERROR!   at line 24: [E0004] Invalid operand
		sub r0, r0, 1 ; [KEEP 32-BIT INS]

"../fib.asm", ERROR!   at line 29: [E0004] Invalid operand
		sub r0, r0, 2 ; [KEEP 32-BIT INS]


Errors in Source - Assembler Aborted
gmake: *** [fib.obj] Error 1
Building file: ../main.c
Invoking: ARM Compiler
"/Applications/ti/ccsv7/tools/compiler/ti-cgt-arm_16.9.1.LTS/bin/armcl" -mv7M4 --code_state=16 --float_support=FPv4SPD16 -me --include_path="/Users/Albader/Documents/T14/lab1OnBoard" --include_path="/Users/Albader/ti/TivaWare_C_Series-2.1.3.156" --include_path="/Applications/ti/ccsv7/tools/compiler/ti-cgt-arm_16.9.1.LTS/include" --define=ccs="ccs" --define=PART_TM4C123GH6PM -g --gcc --diag_warning=225 --diag_wrap=off --display_error_number --abi=eabi -k --asm_listing --src_interlist --preproc_with_compile --preproc_dependency="main.d"  "../main.c"

>> Compilation failure
subdir_rules.mk:14: recipe for target 'main.obj' failed
"../fib.asm", line 3: error #171: expected a declaration
"../main.c", line 11: warning #12-D: parsing restarts here after previous syntax error
"../main.c", line 27: warning #225-D: function "fib" declared implicitly
"../main.c", line 28: warning #225-D: function "printf" declared implicitly
"../main.c", line 29: warning #225-D: function "blink" declared implicitly
"../main.c", line 35: warning #161-D: declaration is incompatible with previous "blink" (declared at line 29)
"../main.c", line 40: warning #225-D: function "convert_to_morse" declared implicitly
"../main.c", line 78: warning #161-D: declaration is incompatible with previous "convert_to_morse" (declared at line 40)
"../main.c", line 85: warning #112-D: statement is unreachable
"../main.c", line 88: warning #112-D: statement is unreachable
"../main.c", line 91: warning #112-D: statement is unreachable
"../main.c", line 94: warning #112-D: statement is unreachable
"../main.c", line 97: warning #112-D: statement is unreachable
"../main.c", line 100: warning #112-D: statement is unreachable
"../main.c", line 103: warning #112-D: statement is unreachable
"../main.c", line 106: warning #112-D: statement is unreachable
1 error detected in the compilation of "../main.c".
gmake: *** [main.obj] Error 1
gmake: Target 'all' not remade because of errors.

**** Build Finished ****
